<?xml version="1.0" encoding="UTF-8"?>
<!-- Generated by org.testng.reporters.JUnitReportReporter -->
<testsuite hostname="Delson-Roy" failures="0" tests="1" name="day21.Demo1" time="12.583" errors="0" timestamp="2024-04-30T21:21:50 GMT-04:00" skipped="0">
  <testcase classname="day21.Demo1" name="testA" time="12.583"/>
  <system-out>
    <![CDATA[Demo1 of testA...]]>
  </system-out>
</testsuite> <!-- day21.Demo1 -->
