<?xml version="1.0" encoding="UTF-8"?>
<!-- Generated by org.testng.reporters.JUnitReportReporter -->
<testsuite hostname="Delson-Roy" failures="0" tests="1" name="day21.Demo1" time="44.923" errors="0" timestamp="2024-05-01T00:36:24 GMT-04:00" skipped="0">
  <testcase classname="day21.Demo1" name="testA" time="44.923"/>
  <system-out>
    <![CDATA[Demo1 of testA...]]>
  </system-out>
</testsuite> <!-- day21.Demo1 -->
